
running 1 test
test modules::collation::blob::tests::mb_blob_zeros_to_collation_body ... FAILED

failures:

---- modules::collation::blob::tests::mb_blob_zeros_to_collation_body stdout ----
	thread 'modules::collation::blob::tests::mb_blob_zeros_to_collation_body' panicked at 'assertion failed: 0 < terminal_length && terminal_length < CHUNK_SIZE as u8', src/modules/collation/chunk.rs:82:13
note: Run with `RUST_BACKTRACE=1` for a backtrace.


failures:
    modules::collation::blob::tests::mb_blob_zeros_to_collation_body

test result: FAILED. 0 passed; 1 failed; 0 ignored; 0 measured; 23 filtered out

